<?xml version="1.0" encoding="utf-8" standalone="no"?>
<test-results xmlns:xsi="http://www.w3.org/2001/XMLSchema-instance" xsi:noNamespaceSchemaLocation="nunit_schema_2.5.xsd" name="Pester" total="13" errors="0" failures="13" not-run="0" inconclusive="0" ignored="0" skipped="0" invalid="0" date="2026-06-19" time="21:29:36">
  <environment user="runner" cwd="/home/runner/work/pbi-teams-more-analytic-support/pbi-teams-more-analytic-support" clr-version="8.0.27" user-domain="" os-version="6.17.0-1018-azure" platform="Linux" machine-name="runnervm1li68" nunit-version="2.5.8.0" />
  <culture-info current-culture="" current-uiculture="" />
  <test-suite type="TestFixture" name="Pester" executed="True" result="Failure" success="False" time="5.7596" asserts="0" description="Pester">
    <results>
      <test-suite type="TestFixture" name="/home/runner/work/pbi-teams-more-analytic-support/pbi-teams-more-analytic-support/Scripts/Custom/Invoke-BestPracticesFromTabularEditor.tests.ps1" executed="True" result="Failure" success="False" time="5.6795" asserts="0" description="/home/runner/work/pbi-teams-more-analytic-support/pbi-teams-more-analytic-support/Scripts/Custom/Invoke-BestPracticesFromTabularEditor.tests.ps1">
        <results>
          <test-suite type="TestFixture" name="Invoke-BestPracticesFromTabularEditor.psm1" executed="True" result="Failure" success="False" time="5.3798" asserts="0" description="Invoke-BestPracticesFromTabularEditor.psm1">
            <results>
              <test-suite type="TestFixture" name="Invoke-BestPracticesFromTabularEditor.psm1.When using service principal" executed="True" result="Failure" success="False" time="0" asserts="0" description="Invoke-BestPracticesFromTabularEditor.psm1.When using service principal">
                <results>
                  <test-case description="Should return 0 when no errors occur" name="Invoke-BestPracticesFromTabularEditor.psm1.When using service principal.Should return 0 when no errors occur" time="0" asserts="0" success="False" result="Failure" executed="True">
                    <failure>
                      <message>This test should run but it did not. Most likely a setup in some parent block failed.</message>
                      <stack-trace />
                    </failure>
                  </test-case>
                  <test-case description="Should throw an error if TenantId is not provided" name="Invoke-BestPracticesFromTabularEditor.psm1.When using service principal.Should throw an error if TenantId is not provided" time="0" asserts="0" success="False" result="Failure" executed="True">
                    <failure>
                      <message>This test should run but it did not. Most likely a setup in some parent block failed.</message>
                      <stack-trace />
                    </failure>
                  </test-case>
                </results>
              </test-suite>
              <test-suite type="TestFixture" name="Invoke-BestPracticesFromTabularEditor.psm1.When using local mode" executed="True" result="Failure" success="False" time="0" asserts="0" description="Invoke-BestPracticesFromTabularEditor.psm1.When using local mode">
                <results>
                  <test-case description="Should return 0 when no errors occur" name="Invoke-BestPracticesFromTabularEditor.psm1.When using local mode.Should return 0 when no errors occur" time="0" asserts="0" success="False" result="Failure" executed="True">
                    <failure>
                      <message>This test should run but it did not. Most likely a setup in some parent block failed.</message>
                      <stack-trace />
                    </failure>
                  </test-case>
                  <test-case description="Should return 0 when no errors occur (absolute path)" name="Invoke-BestPracticesFromTabularEditor.psm1.When using local mode.Should return 0 when no errors occur (absolute path)" time="0" asserts="0" success="False" result="Failure" executed="True">
                    <failure>
                      <message>This test should run but it did not. Most likely a setup in some parent block failed.</message>
                      <stack-trace />
                    </failure>
                  </test-case>
                  <test-case description="Should throw error if Input File not found" name="Invoke-BestPracticesFromTabularEditor.psm1.When using local mode.Should throw error if Input File not found" time="0" asserts="0" success="False" result="Failure" executed="True">
                    <failure>
                      <message>This test should run but it did not. Most likely a setup in some parent block failed.</message>
                      <stack-trace />
                    </failure>
                  </test-case>
                </results>
              </test-suite>
            </results>
          </test-suite>
        </results>
      </test-suite>
      <test-suite type="TestFixture" name="/home/runner/work/pbi-teams-more-analytic-support/pbi-teams-more-analytic-support/Scripts/Custom/Invoke-FabricJsonIngestion.tests.ps1" executed="True" result="Failure" success="False" time="0.0801" asserts="0" description="/home/runner/work/pbi-teams-more-analytic-support/pbi-teams-more-analytic-support/Scripts/Custom/Invoke-FabricJsonIngestion.tests.ps1">
        <results>
          <test-suite type="TestFixture" name="Invoke-FabricJsonIngestion.ps1" executed="True" result="Failure" success="False" time="0.0322" asserts="0" description="Invoke-FabricJsonIngestion.ps1">
            <results>
              <test-suite type="TestFixture" name="Invoke-FabricJsonIngestion.ps1.When invoking Invoke-FabricTableCreation" executed="True" result="Failure" success="False" time="0" asserts="0" description="Invoke-FabricJsonIngestion.ps1.When invoking Invoke-FabricTableCreation">
                <results>
                  <test-case description="Should return True on successful creation" name="Invoke-FabricJsonIngestion.ps1.When invoking Invoke-FabricTableCreation.Should return True on successful creation" time="0" asserts="0" success="False" result="Failure" executed="True">
                    <failure>
                      <message>This test should run but it did not. Most likely a setup in some parent block failed.</message>
                      <stack-trace />
                    </failure>
                  </test-case>
                  <test-case description="Should handle ingestion gracefully" name="Invoke-FabricJsonIngestion.ps1.When invoking Invoke-FabricTableCreation.Should handle ingestion gracefully" time="0" asserts="0" success="False" result="Failure" executed="True">
                    <failure>
                      <message>This test should run but it did not. Most likely a setup in some parent block failed.</message>
                      <stack-trace />
                    </failure>
                  </test-case>
                  <test-case description="Should throw on invalid Database" name="Invoke-FabricJsonIngestion.ps1.When invoking Invoke-FabricTableCreation.Should throw on invalid Database" time="0" asserts="0" success="False" result="Failure" executed="True">
                    <failure>
                      <message>This test should run but it did not. Most likely a setup in some parent block failed.</message>
                      <stack-trace />
                    </failure>
                  </test-case>
                  <test-case description="Should handle invalid TableName gracefully" name="Invoke-FabricJsonIngestion.ps1.When invoking Invoke-FabricTableCreation.Should handle invalid TableName gracefully" time="0" asserts="0" success="False" result="Failure" executed="True">
                    <failure>
                      <message>This test should run but it did not. Most likely a setup in some parent block failed.</message>
                      <stack-trace />
                    </failure>
                  </test-case>
                  <test-case description="Should handle invalid JsonFilePath gracefully" name="Invoke-FabricJsonIngestion.ps1.When invoking Invoke-FabricTableCreation.Should handle invalid JsonFilePath gracefully" time="0" asserts="0" success="False" result="Failure" executed="True">
                    <failure>
                      <message>This test should run but it did not. Most likely a setup in some parent block failed.</message>
                      <stack-trace />
                    </failure>
                  </test-case>
                  <test-case description="Should handle invalid TenantId gracefully" name="Invoke-FabricJsonIngestion.ps1.When invoking Invoke-FabricTableCreation.Should handle invalid TenantId gracefully" time="0" asserts="0" success="False" result="Failure" executed="True">
                    <failure>
                      <message>This test should run but it did not. Most likely a setup in some parent block failed.</message>
                      <stack-trace />
                    </failure>
                  </test-case>
                  <test-case description="Should handle invalid ClientId gracefully" name="Invoke-FabricJsonIngestion.ps1.When invoking Invoke-FabricTableCreation.Should handle invalid ClientId gracefully" time="0" asserts="0" success="False" result="Failure" executed="True">
                    <failure>
                      <message>This test should run but it did not. Most likely a setup in some parent block failed.</message>
                      <stack-trace />
                    </failure>
                  </test-case>
                  <test-case description="Should handle invalid ClientSecret gracefully" name="Invoke-FabricJsonIngestion.ps1.When invoking Invoke-FabricTableCreation.Should handle invalid ClientSecret gracefully" time="0" asserts="0" success="False" result="Failure" executed="True">
                    <failure>
                      <message>This test should run but it did not. Most likely a setup in some parent block failed.</message>
                      <stack-trace />
                    </failure>
                  </test-case>
                </results>
              </test-suite>
            </results>
          </test-suite>
        </results>
      </test-suite>
    </results>
  </test-suite>
</test-results>